kotlin version: 2.1.0
error message: org.jetbrains.kotlin.backend.common.BackendException: Backend Internal error: Exception during IR lowering
File being compiled: /Users/thit/AndroidStudioProjects/YawKiPrj/feature/onboarding/src/main/java/com/thit/onboarding/presentation/OnBoardingContent.kt
The root cause java.lang.RuntimeException was thrown at: org.jetbrains.kotlin.backend.jvm.codegen.FunctionCodegen.generate(FunctionCodegen.kt:48)
	at org.jetbrains.kotlin.backend.common.CodegenUtil.reportBackendException(CodegenUtil.kt:253)
	at org.jetbrains.kotlin.backend.common.CodegenUtil.reportBackendException$default(CodegenUtil.kt:236)
	at org.jetbrains.kotlin.backend.common.phaser.PerformByIrFilePhase.invokeSequential(performByIrFile.kt:55)
	at org.jetbrains.kotlin.backend.common.phaser.PerformByIrFilePhase.invoke(performByIrFile.kt:42)
	at org.jetbrains.kotlin.backend.common.phaser.PerformByIrFilePhase.invoke(performByIrFile.kt:28)
	at org.jetbrains.kotlin.backend.common.phaser.NamedCompilerPhase.phaseBody(CompilerPhase.kt:166)
	at org.jetbrains.kotlin.backend.common.phaser.AbstractNamedCompilerPhase.invoke(CompilerPhase.kt:113)
	at org.jetbrains.kotlin.backend.common.phaser.CompositePhase.invoke(PhaseBuilders.kt:27)
	at org.jetbrains.kotlin.backend.common.phaser.CompositePhase.invoke(PhaseBuilders.kt:14)
	at org.jetbrains.kotlin.backend.common.phaser.NamedCompilerPhase.phaseBody(CompilerPhase.kt:166)
	at org.jetbrains.kotlin.backend.common.phaser.AbstractNamedCompilerPhase.invoke(CompilerPhase.kt:113)
	at org.jetbrains.kotlin.backend.common.phaser.CompilerPhaseKt.invokeToplevel(CompilerPhase.kt:62)
	at org.jetbrains.kotlin.backend.jvm.JvmIrCodegenFactory.invokeCodegen(JvmIrCodegenFactory.kt:371)
	at org.jetbrains.kotlin.codegen.CodegenFactory.generateModule(CodegenFactory.kt:47)
	at org.jetbrains.kotlin.backend.jvm.JvmIrCodegenFactory.generateModuleInFrontendIRMode(JvmIrCodegenFactory.kt:433)
	at org.jetbrains.kotlin.cli.jvm.compiler.pipeline.JvmCompilerPipelineKt.generateCodeFromIr(jvmCompilerPipeline.kt:192)
	at org.jetbrains.kotlin.cli.jvm.compiler.pipeline.JvmCompilerPipelineKt.runBackend(jvmCompilerPipeline.kt:80)
	at org.jetbrains.kotlin.cli.jvm.compiler.pipeline.JvmCompilerPipelineLightTreeKt.compileModule(jvmCompilerPipelineLightTree.kt:264)
	at org.jetbrains.kotlin.cli.jvm.compiler.pipeline.JvmCompilerPipelineLightTreeKt.compileSingleModuleUsingFrontendIrAndLightTree(jvmCompilerPipelineLightTree.kt:231)
	at org.jetbrains.kotlin.cli.jvm.compiler.pipeline.JvmCompilerPipelineLightTreeKt.compileModulesUsingFrontendIrAndLightTree(jvmCompilerPipelineLightTree.kt:86)
	at org.jetbrains.kotlin.cli.jvm.K2JVMCompiler.doExecute(K2JVMCompiler.kt:146)
	at org.jetbrains.kotlin.cli.jvm.K2JVMCompiler.doExecute(K2JVMCompiler.kt:43)
	at org.jetbrains.kotlin.cli.common.CLICompiler.execImpl(CLICompiler.kt:102)
	at org.jetbrains.kotlin.cli.common.CLICompiler.exec(CLICompiler.kt:316)
	at org.jetbrains.kotlin.incremental.IncrementalJvmCompilerRunner.runCompiler(IncrementalJvmCompilerRunner.kt:464)
	at org.jetbrains.kotlin.incremental.IncrementalJvmCompilerRunner.runCompiler(IncrementalJvmCompilerRunner.kt:73)
	at org.jetbrains.kotlin.incremental.IncrementalCompilerRunner.doCompile(IncrementalCompilerRunner.kt:506)
	at org.jetbrains.kotlin.incremental.IncrementalCompilerRunner.compileImpl(IncrementalCompilerRunner.kt:423)
	at org.jetbrains.kotlin.incremental.IncrementalCompilerRunner.compileNonIncrementally(IncrementalCompilerRunner.kt:301)
	at org.jetbrains.kotlin.incremental.IncrementalCompilerRunner.compile(IncrementalCompilerRunner.kt:129)
	at org.jetbrains.kotlin.daemon.CompileServiceImplBase.execIncrementalCompiler(CompileServiceImpl.kt:674)
	at org.jetbrains.kotlin.daemon.CompileServiceImplBase.access$execIncrementalCompiler(CompileServiceImpl.kt:91)
	at org.jetbrains.kotlin.daemon.CompileServiceImpl.compile(CompileServiceImpl.kt:1659)
	at java.base/jdk.internal.reflect.DirectMethodHandleAccessor.invoke(Unknown Source)
	at java.base/java.lang.reflect.Method.invoke(Unknown Source)
	at java.rmi/sun.rmi.server.UnicastServerRef.dispatch(Unknown Source)
	at java.rmi/sun.rmi.transport.Transport$1.run(Unknown Source)
	at java.rmi/sun.rmi.transport.Transport$1.run(Unknown Source)
	at java.base/java.security.AccessController.doPrivileged(Unknown Source)
	at java.rmi/sun.rmi.transport.Transport.serviceCall(Unknown Source)
	at java.rmi/sun.rmi.transport.tcp.TCPTransport.handleMessages(Unknown Source)
	at java.rmi/sun.rmi.transport.tcp.TCPTransport$ConnectionHandler.run0(Unknown Source)
	at java.rmi/sun.rmi.transport.tcp.TCPTransport$ConnectionHandler.lambda$run$0(Unknown Source)
	at java.base/java.security.AccessController.doPrivileged(Unknown Source)
	at java.rmi/sun.rmi.transport.tcp.TCPTransport$ConnectionHandler.run(Unknown Source)
	at java.base/java.util.concurrent.ThreadPoolExecutor.runWorker(Unknown Source)
	at java.base/java.util.concurrent.ThreadPoolExecutor$Worker.run(Unknown Source)
	at java.base/java.lang.Thread.run(Unknown Source)
Caused by: java.lang.RuntimeException: Exception while generating code for:
FUN name:OnBoardingContent visibility:public modality:FINAL <> (onBoardingPage:com.thit.onboarding.util.OnBoardingPage, pageOffset:kotlin.Float) returnType:kotlin.Unit
  annotations:
    Composable
  VALUE_PARAMETER name:onBoardingPage index:0 type:com.thit.onboarding.util.OnBoardingPage
  VALUE_PARAMETER name:pageOffset index:1 type:kotlin.Float
  BLOCK_BODY
    VAR name:screenWidth type:kotlin.Int [val]
      CALL 'public final fun div (other: kotlin.Int): kotlin.Int [operator] declared in kotlin.Int' type=kotlin.Int origin=DIV
        $this: GET_FIELD 'FIELD IR_EXTERNAL_JAVA_DECLARATION_STUB name:screenWidthDp type:kotlin.Int visibility:public declared in android.content.res.Configuration' type=kotlin.Int superQualifierSymbol=android.content.res.Configuration origin=null
          receiver: CALL 'public final fun <get-current> (): T of androidx.compose.runtime.CompositionLocal [inline] declared in androidx.compose.runtime.CompositionLocal' type=android.content.res.Configuration origin=GET_PROPERTY
            $this: TYPE_OP type=androidx.compose.runtime.CompositionLocal<T of androidx.compose.runtime.CompositionLocal> origin=IMPLICIT_CAST typeOperand=androidx.compose.runtime.CompositionLocal<T of androidx.compose.runtime.CompositionLocal>
              CALL 'public final fun <get-LocalConfiguration> (): androidx.compose.runtime.ProvidableCompositionLocal<android.content.res.Configuration> declared in androidx.compose.ui.platform.AndroidCompositionLocals_androidKt' type=androidx.compose.runtime.ProvidableCompositionLocal<android.content.res.Configuration> origin=GET_PROPERTY
        other: CONST Int type=kotlin.Int value=2
    VAR name:contentHeight type:androidx.compose.ui.unit.Dp [val]
      CALL 'public final fun <get-dp> (): androidx.compose.ui.unit.Dp [inline] declared in androidx.compose.ui.unit.DpKt' type=androidx.compose.ui.unit.Dp origin=GET_PROPERTY
        $receiver: CALL 'public final fun times (other: kotlin.Double): kotlin.Double [operator] declared in kotlin.Int' type=kotlin.Double origin=MUL
          $this: CALL 'public final fun div (other: kotlin.Int): kotlin.Int [operator] declared in kotlin.Int' type=kotlin.Int origin=DIV
            $this: GET_FIELD 'FIELD IR_EXTERNAL_JAVA_DECLARATION_STUB name:screenHeightDp type:kotlin.Int visibility:public declared in android.content.res.Configuration' type=kotlin.Int superQualifierSymbol=android.content.res.Configuration origin=null
              receiver: CALL 'public final fun <get-current> (): T of androidx.compose.runtime.CompositionLocal [inline] declared in androidx.compose.runtime.CompositionLocal' type=android.content.res.Configuration origin=GET_PROPERTY
                $this: TYPE_OP type=androidx.compose.runtime.CompositionLocal<T of androidx.compose.runtime.CompositionLocal> origin=IMPLICIT_CAST typeOperand=androidx.compose.runtime.CompositionLocal<T of androidx.compose.runtime.CompositionLocal>
                  CALL 'public final fun <get-LocalConfiguration> (): androidx.compose.runtime.ProvidableCompositionLocal<android.content.res.Configuration> declared in androidx.compose.ui.platform.AndroidCompositionLocals_androidKt' type=androidx.compose.runtime.ProvidableCompositionLocal<android.content.res.Configuration> origin=GET_PROPERTY
            other: CONST Int type=kotlin.Int value=3
          other: CONST Double type=kotlin.Double value=2.1
    VAR name:gradient type:androidx.compose.ui.graphics.Brush [val]
      CALL 'public final fun verticalGradient-8A-3gB4$default ($this: androidx.compose.ui.graphics.Brush.Companion, colors: kotlin.collections.List<androidx.compose.ui.graphics.Color>, startY: kotlin.Float, endY: kotlin.Float, tileMode: androidx.compose.ui.graphics.TileMode, $mask0: kotlin.Int, $handler: kotlin.Any?): androidx.compose.ui.graphics.Brush declared in androidx.compose.ui.graphics.Brush.Companion' type=androidx.compose.ui.graphics.Brush origin=DEFAULT_DISPATCH_CALL
        $this: GET_FIELD 'FIELD FIELD_FOR_OBJECT_INSTANCE name:Companion type:androidx.compose.ui.graphics.Brush.Companion visibility:public [final,static] declared in androidx.compose.ui.graphics.Brush' type=androidx.compose.ui.graphics.Brush.Companion origin=null
        colors: CALL 'public final fun listOf <T> (vararg elements: T of kotlin.collections.CollectionsKt.listOf): kotlin.collections.List<T of kotlin.collections.CollectionsKt.listOf> declared in kotlin.collections.CollectionsKt' type=kotlin.collections.List<androidx.compose.ui.graphics.Color> origin=null
          <T>: androidx.compose.ui.graphics.Color
          elements: BLOCK type=kotlin.Array<out androidx.compose.ui.graphics.Color> origin=null
            VAR IR_TEMPORARY_VARIABLE name:tmp0 type:kotlin.Array<out androidx.compose.ui.graphics.Color> [val]
              CALL 'public final fun arrayOfNulls <T> (size: kotlin.Int): kotlin.Array<T of kotlin.arrayOfNulls?> declared in kotlin' type=kotlin.Array<out androidx.compose.ui.graphics.Color> origin=null
                <T>: androidx.compose.ui.graphics.Color
                size: CONST Int type=kotlin.Int value=5
            CALL 'public final fun set (index: kotlin.Int, value: T of kotlin.Array): kotlin.Unit [operator] declared in kotlin.Array' type=kotlin.Unit origin=null
              $this: GET_VAR 'val tmp0: kotlin.Array<out androidx.compose.ui.graphics.Color> [val] declared in com.thit.onboarding.presentation.OnBoardingContentKt.OnBoardingContent' type=kotlin.Array<out androidx.compose.ui.graphics.Color> origin=null
              index: CONST Int type=kotlin.Int value=0
              value: CALL 'public final fun Color (color: kotlin.Int): androidx.compose.ui.graphics.Color declared in androidx.compose.ui.graphics.ColorKt' type=androidx.compose.ui.graphics.Color origin=null
                color: CONST Int type=kotlin.Int value=0
            CALL 'public final fun set (index: kotlin.Int, value: T of kotlin.Array): kotlin.Unit [operator] declared in kotlin.Array' type=kotlin.Unit origin=null
              $this: GET_VAR 'val tmp0: kotlin.Array<out androidx.compose.ui.graphics.Color> [val] declared in com.thit.onboarding.presentation.OnBoardingContentKt.OnBoardingContent' type=kotlin.Array<out androidx.compose.ui.graphics.Color> origin=null
              index: CONST Int type=kotlin.Int value=1
              value: CALL 'public final fun Color (color: kotlin.Int): androidx.compose.ui.graphics.Color declared in androidx.compose.ui.graphics.ColorKt' type=androidx.compose.ui.graphics.Color origin=null
                color: CONST Int type=kotlin.Int value=436207616
            CALL 'public final fun set (index: kotlin.Int, value: T of kotlin.Array): kotlin.Unit [operator] declared in kotlin.Array' type=kotlin.Unit origin=null
              $this: GET_VAR 'val tmp0: kotlin.Array<out androidx.compose.ui.graphics.Color> [val] declared in com.thit.onboarding.presentation.OnBoardingContentKt.OnBoardingContent' type=kotlin.Array<out androidx.compose.ui.graphics.Color> origin=null
              index: CONST Int type=kotlin.Int value=2
              value: CALL 'public final fun Color (color: kotlin.Int): androidx.compose.ui.graphics.Color declared in androidx.compose.ui.graphics.ColorKt' type=androidx.compose.ui.graphics.Color origin=null
                color: CONST Int type=kotlin.Int value=1291845632
            CALL 'public final fun set (index: kotlin.Int, value: T of kotlin.Array): kotlin.Unit [operator] declared in kotlin.Array' type=kotlin.Unit origin=null
              $this: GET_VAR 'val tmp0: kotlin.Array<out androidx.compose.ui.graphics.Color> [val] declared in com.thit.onboarding.presentation.OnBoardingContentKt.OnBoardingContent' type=kotlin.Array<out androidx.compose.ui.graphics.Color> origin=null
              index: CONST Int type=kotlin.Int value=3
              value: CALL 'public final fun Color (color: kotlin.Long): androidx.compose.ui.graphics.Color declared in androidx.compose.ui.graphics.ColorKt' type=androidx.compose.ui.graphics.Color origin=null
                color: CONST Long type=kotlin.Long value=3003121664
            CALL 'public final fun set (index: kotlin.Int, value: T of kotlin.Array): kotlin.Unit [operator] declared in kotlin.Array' type=kotlin.Unit origin=null
              $this: GET_VAR 'val tmp0: kotlin.Array<out androidx.compose.ui.graphics.Color> [val] declared in com.thit.onboarding.presentation.OnBoardingContentKt.OnBoardingContent' type=kotlin.Array<out androidx.compose.ui.graphics.Color> origin=null
              index: CONST Int type=kotlin.Int value=4
              value: CALL 'public final fun Color (color: kotlin.Long): androidx.compose.ui.graphics.Color declared in androidx.compose.ui.graphics.ColorKt' type=androidx.compose.ui.graphics.Color origin=null
                color: CONST Long type=kotlin.Long value=4278190080
            GET_VAR 'val tmp0: kotlin.Array<out androidx.compose.ui.graphics.Color> [val] declared in com.thit.onboarding.presentation.OnBoardingContentKt.OnBoardingContent' type=kotlin.Array<out androidx.compose.ui.graphics.Color> origin=null
        startY: COMPOSITE type=kotlin.Float origin=DEFAULT_VALUE
          CONST Float type=kotlin.Float value=0.0
        endY: COMPOSITE type=kotlin.Float origin=DEFAULT_VALUE
          CONST Float type=kotlin.Float value=0.0
        tileMode: COMPOSITE type=androidx.compose.ui.graphics.TileMode origin=DEFAULT_VALUE
          CALL 'public final fun <unsafe-coerce> <T, R> (v: T of kotlin.jvm.internal.<unsafe-coerce>): R of kotlin.jvm.internal.<unsafe-coerce> declared in kotlin.jvm.internal' type=androidx.compose.ui.graphics.TileMode origin=null
            <T>: kotlin.Int
            <R>: androidx.compose.ui.graphics.TileMode
            v: CONST Int type=kotlin.Int value=0
        $mask0: CONST Int type=kotlin.Int value=14
        $handler: CONST Null type=kotlin.Any? value=null
    CALL 'public final fun Card$default (modifier: androidx.compose.ui.Modifier?, shape: androidx.compose.ui.graphics.Shape?, colors: androidx.compose.material3.CardColors?, elevation: androidx.compose.material3.CardElevation?, border: androidx.compose.foundation.BorderStroke?, content: @[Composable] @[ExtensionFunctionType] kotlin.Function1<androidx.compose.foundation.layout.ColumnScope, kotlin.Unit>, $mask0: kotlin.Int, $handler: kotlin.Any?): kotlin.Unit declared in androidx.compose.material3.CardKt' type=kotlin.Unit origin=DEFAULT_DISPATCH_CALL
      modifier: COMPOSITE type=androidx.compose.ui.Modifier? origin=DEFAULT_VALUE
        CONST Null type=androidx.compose.ui.Modifier? value=null
      shape: COMPOSITE type=androidx.compose.ui.graphics.Shape? origin=DEFAULT_VALUE
        CONST Null type=androidx.compose.ui.graphics.Shape? value=null
      colors: COMPOSITE type=androidx.compose.material3.CardColors? origin=DEFAULT_VALUE
        CONST Null type=androidx.compose.material3.CardColors? value=null
      elevation: COMPOSITE type=androidx.compose.material3.CardElevation? origin=DEFAULT_VALUE
        CONST Null type=androidx.compose.material3.CardElevation? value=null
      border: COMPOSITE type=androidx.compose.foundation.BorderStroke? origin=DEFAULT_VALUE
        CONST Null type=androidx.compose.foundation.BorderStroke? value=null
      content: BLOCK type=@[ExtensionFunctionType] kotlin.Function1<androidx.compose.foundation.layout.ColumnScope, kotlin.Unit> origin=LAMBDA
        COMPOSITE type=kotlin.Unit origin=null
        CALL 'public final fun <jvm-indy> <T> (dynamicCall: T of kotlin.jvm.internal.<jvm-indy>, bootstrapMethodHandle: kotlin.Any, vararg bootstrapMethodArguments: kotlin.Any): T of kotlin.jvm.internal.<jvm-indy> declared in kotlin.jvm.internal' type=@[ExtensionFunctionType] kotlin.Function1<androidx.compose.foundation.layout.ColumnScope, kotlin.Unit> origin=null
          <T>: @[ExtensionFunctionType] kotlin.Function1<androidx.compose.foundation.layout.ColumnScope, kotlin.Unit>
          dynamicCall: CALL 'public final fun invoke (p0: androidx.compose.ui.unit.Dp, p1: com.thit.onboarding.util.OnBoardingPage, p2: androidx.compose.ui.graphics.Brush, p3: kotlin.Int, p4: kotlin.Float): @[ExtensionFunctionType] kotlin.Function1<androidx.compose.foundation.layout.ColumnScope, kotlin.Unit> declared in kotlin.jvm.internal.invokeDynamic' type=@[ExtensionFunctionType] kotlin.Function1<androidx.compose.foundation.layout.ColumnScope, kotlin.Unit> origin=null
            p0: GET_VAR 'val contentHeight: androidx.compose.ui.unit.Dp [val] declared in com.thit.onboarding.presentation.OnBoardingContentKt.OnBoardingContent' type=androidx.compose.ui.unit.Dp origin=null
            p1: GET_VAR 'onBoardingPage: com.thit.onboarding.util.OnBoardingPage declared in com.thit.onboarding.presentation.OnBoardingContentKt.OnBoardingContent' type=com.thit.onboarding.util.OnBoardingPage origin=null
            p2: GET_VAR 'val gradient: androidx.compose.ui.graphics.Brush [val] declared in com.thit.onboarding.presentation.OnBoardingContentKt.OnBoardingContent' type=androidx.compose.ui.graphics.Brush origin=null
            p3: GET_VAR 'val screenWidth: kotlin.Int [val] declared in com.thit.onboarding.presentation.OnBoardingContentKt.OnBoardingContent' type=kotlin.Int origin=null
            p4: GET_VAR 'pageOffset: kotlin.Float declared in com.thit.onboarding.presentation.OnBoardingContentKt.OnBoardingContent' type=kotlin.Float origin=null
          bootstrapMethodHandle: CALL 'public final fun <jvm-method-handle> (tag: kotlin.Int, owner: kotlin.String, name: kotlin.String, descriptor: kotlin.String, isInterface: kotlin.Boolean): kotlin.Any declared in kotlin.jvm.internal' type=kotlin.Any origin=null
            tag: CONST Int type=kotlin.Int value=6
            owner: CONST String type=kotlin.String value="java/lang/invoke/LambdaMetafactory"
            name: CONST String type=kotlin.String value="metafactory"
            descriptor: CONST String type=kotlin.String value="(Ljava/lang/invoke/MethodHandles$Lookup;Ljava/lang/String;Ljava/lang/invoke/MethodType;Ljava/lang/invoke/MethodType;Ljava/lang/invoke/MethodHandle;Ljava/lang/invoke/MethodType;)Ljava/lang/invoke/CallSite;"
            isInterface: CONST Boolean type=kotlin.Boolean value=false
          bootstrapMethodArguments: VARARG type=kotlin.Array<kotlin.Any> varargElementType=kotlin.Any
            CALL 'public final fun <jvm-original-method-type> (method: kotlin.Any): kotlin.Any declared in kotlin.jvm.internal' type=kotlin.Any origin=null
              method: RAW_FUNCTION_REFERENCE 'public abstract fun invoke (p1: P1 of kotlin.Function1): R of kotlin.Function1 [operator] declared in kotlin.Function1' type=kotlin.Any
            RAW_FUNCTION_REFERENCE 'private final fun OnBoardingContent$lambda$4 ($contentHeight: androidx.compose.ui.unit.Dp, $onBoardingPage: com.thit.onboarding.util.OnBoardingPage, $gradient: androidx.compose.ui.graphics.Brush, $screenWidth: kotlin.Int, $pageOffset: kotlin.Float, $this$Card: androidx.compose.foundation.layout.ColumnScope): kotlin.Unit? declared in com.thit.onboarding.presentation.OnBoardingContentKt' type=kotlin.Any
            CALL 'public final fun <jvm-original-method-type> (method: kotlin.Any): kotlin.Any declared in kotlin.jvm.internal' type=kotlin.Any origin=null
              method: RAW_FUNCTION_REFERENCE 'public abstract fun invoke (p1: androidx.compose.foundation.layout.ColumnScope): kotlin.Unit? [fake_override,operator] declared in kotlin.jvm.internal.invokeDynamic.<fake>' type=kotlin.Any
      $mask0: CONST Int type=kotlin.Int value=31
      $handler: CONST Null type=kotlin.Any? value=null

	at org.jetbrains.kotlin.backend.jvm.codegen.FunctionCodegen.generate(FunctionCodegen.kt:48)
	at org.jetbrains.kotlin.backend.jvm.codegen.FunctionCodegen.generate$default(FunctionCodegen.kt:41)
	at org.jetbrains.kotlin.backend.jvm.codegen.ClassCodegen.generateMethodNode(ClassCodegen.kt:407)
	at org.jetbrains.kotlin.backend.jvm.codegen.ClassCodegen.generateMethod(ClassCodegen.kt:424)
	at org.jetbrains.kotlin.backend.jvm.codegen.ClassCodegen.generate(ClassCodegen.kt:169)
	at org.jetbrains.kotlin.backend.jvm.FileCodegen.lower(JvmPhases.kt:39)
	at org.jetbrains.kotlin.backend.common.phaser.PhaseFactoriesKt.createFilePhase$lambda$4(PhaseFactories.kt:71)
	at org.jetbrains.kotlin.backend.common.phaser.PhaseBuildersKt$createSimpleNamedCompilerPhase$1.phaseBody(PhaseBuilders.kt:69)
	at org.jetbrains.kotlin.backend.common.phaser.SimpleNamedCompilerPhase.phaseBody(CompilerPhase.kt:226)
	at org.jetbrains.kotlin.backend.common.phaser.AbstractNamedCompilerPhase.invoke(CompilerPhase.kt:113)
	at org.jetbrains.kotlin.backend.common.phaser.PerformByIrFilePhase.invokeSequential(performByIrFile.kt:52)
	... 45 more
Caused by: org.jetbrains.kotlin.codegen.CompilationException: Back-end (JVM) Internal error: Couldn't inline method call: CALL 'public final fun <get-current> (): T of androidx.compose.runtime.CompositionLocal [inline] declared in androidx.compose.runtime.CompositionLocal' type=android.content.res.Configuration origin=GET_PROPERTY
Method: null
File is unknown
The root cause java.lang.IllegalStateException was thrown at: org.jetbrains.kotlin.codegen.inline.SourceCompilerForInlineKt.getMethodNode(SourceCompilerForInline.kt:118)
	at org.jetbrains.kotlin.codegen.inline.InlineCodegen.performInline(InlineCodegen.kt:65)
	at org.jetbrains.kotlin.backend.jvm.codegen.IrInlineCodegen.genInlineCall(IrInlineCodegen.kt:163)
	at org.jetbrains.kotlin.backend.jvm.codegen.IrInlineCallGenerator.genCall(IrInlineCallGenerator.kt:36)
	at org.jetbrains.kotlin.backend.jvm.codegen.ExpressionCodegen.visitCall(ExpressionCodegen.kt:598)
	at org.jetbrains.kotlin.backend.jvm.codegen.ExpressionCodegen.visitCall(ExpressionCodegen.kt:134)
	at org.jetbrains.kotlin.ir.expressions.IrCall.accept(IrCall.kt:24)
	at org.jetbrains.kotlin.backend.jvm.codegen.ExpressionCodegen.visitFieldAccess(ExpressionCodegen.kt:820)
	at org.jetbrains.kotlin.backend.jvm.codegen.ExpressionCodegen.visitFieldAccess(ExpressionCodegen.kt:134)
	at org.jetbrains.kotlin.ir.visitors.IrElementVisitor$DefaultImpls.visitGetField(IrElementVisitor.kt:207)
	at org.jetbrains.kotlin.backend.jvm.codegen.ExpressionCodegen.visitGetField(ExpressionCodegen.kt:134)
	at org.jetbrains.kotlin.backend.jvm.codegen.ExpressionCodegen.visitGetField(ExpressionCodegen.kt:134)
	at org.jetbrains.kotlin.ir.expressions.IrGetField.accept(IrGetField.kt:19)
	at org.jetbrains.kotlin.backend.jvm.codegen.ExpressionCodegen.gen(ExpressionCodegen.kt:213)
	at org.jetbrains.kotlin.backend.jvm.intrinsics.IntrinsicFunction.genArg(IntrinsicFunction.kt:70)
	at org.jetbrains.kotlin.backend.jvm.intrinsics.IntrinsicFunction.loadArguments(IntrinsicFunction.kt:47)
	at org.jetbrains.kotlin.backend.jvm.intrinsics.IntrinsicFunction.invoke(IntrinsicFunction.kt:39)
	at org.jetbrains.kotlin.backend.jvm.intrinsics.IntrinsicMethod.invoke(IntrinsicMethod.kt:25)
	at org.jetbrains.kotlin.backend.jvm.codegen.ExpressionCodegen.visitCall(ExpressionCodegen.kt:545)
	at org.jetbrains.kotlin.backend.jvm.codegen.ExpressionCodegen.visitCall(ExpressionCodegen.kt:134)
	at org.jetbrains.kotlin.ir.expressions.IrCall.accept(IrCall.kt:24)
	at org.jetbrains.kotlin.backend.jvm.codegen.ExpressionCodegen.visitVariable(ExpressionCodegen.kt:735)
	at org.jetbrains.kotlin.backend.jvm.codegen.ExpressionCodegen.visitVariable(ExpressionCodegen.kt:134)
	at org.jetbrains.kotlin.ir.declarations.IrVariable.accept(IrVariable.kt:36)
	at org.jetbrains.kotlin.backend.jvm.codegen.ExpressionCodegen.visitStatementContainer(ExpressionCodegen.kt:524)
	at org.jetbrains.kotlin.backend.jvm.codegen.ExpressionCodegen.visitBlockBody(ExpressionCodegen.kt:529)
	at org.jetbrains.kotlin.backend.jvm.codegen.ExpressionCodegen.visitBlockBody(ExpressionCodegen.kt:134)
	at org.jetbrains.kotlin.ir.expressions.IrBlockBody.accept(IrBlockBody.kt:20)
	at org.jetbrains.kotlin.backend.jvm.codegen.ExpressionCodegen.generate(ExpressionCodegen.kt:236)
	at org.jetbrains.kotlin.backend.jvm.codegen.FunctionCodegen.doGenerate(FunctionCodegen.kt:124)
	at org.jetbrains.kotlin.backend.jvm.codegen.FunctionCodegen.generate(FunctionCodegen.kt:45)
	... 55 more
Caused by: java.lang.IllegalStateException: couldn't find inline method Landroidx/compose/runtime/CompositionLocal;.getCurrent()Ljava/lang/Object;
	at org.jetbrains.kotlin.codegen.inline.SourceCompilerForInlineKt.getMethodNode(SourceCompilerForInline.kt:118)
	at org.jetbrains.kotlin.codegen.inline.SourceCompilerForInlineKt.loadCompiledInlineFunction(SourceCompilerForInline.kt:96)
	at org.jetbrains.kotlin.backend.jvm.codegen.IrSourceCompilerForInline.compileInlineFunction(IrSourceCompilerForInline.kt:91)
	at org.jetbrains.kotlin.codegen.inline.InlineCodegen.compileInline(InlineCodegen.kt:43)
	at org.jetbrains.kotlin.codegen.inline.InlineCodegen.performInline(InlineCodegen.kt:51)
	... 84 more


